This file contains any messages produced by compilers while
running configure, to aid debugging if configure makes a mistake.

It was created by lplex configure 0.3, which was
generated by GNU Autoconf 2.69.  Invocation command line was

  $ ./configure 

## --------- ##
## Platform. ##
## --------- ##

hostname = DESKTOP-VDGIPKS
uname -m = x86_64
uname -r = 3.0.7(0.338/5/3)
uname -s = CYGWIN_NT-10.0
uname -v = 2019-04-30 18:08

/usr/bin/uname -p = unknown
/bin/uname -X     = unknown

/bin/arch              = x86_64
/usr/bin/arch -k       = unknown
/usr/convex/getsysinfo = unknown
/usr/bin/hostinfo      = unknown
/bin/machine           = unknown
/usr/bin/oslevel       = unknown
/bin/universe          = unknown

PATH: /usr/local/bin
PATH: /usr/bin
PATH: /cygdrive/c/Rtools/bin
PATH: /cygdrive/c/Windows/system32
PATH: /cygdrive/c/Windows
PATH: /cygdrive/c/Windows/System32/Wbem
PATH: /cygdrive/c/Windows/System32/WindowsPowerShell/v1.0
PATH: /cygdrive/c/Windows/System32/OpenSSH
PATH: /cygdrive/c/Program Files (x86)/Calibre2
PATH: /cygdrive/c/Program Files/Git/cmd
PATH: /cygdrive/c/Strawberry/c/bin
PATH: /cygdrive/c/Strawberry/perl/site/bin
PATH: /cygdrive/c/Strawberry/perl/bin
PATH: /cygdrive/c/Users/fabrn/AppData/Local/Microsoft/WindowsApps
PATH: /usr/lib/lapack


## ----------- ##
## Core tests. ##
## ----------- ##

configure:2756: checking for a BSD-compatible install
configure:2824: result: /usr/bin/install -c
configure:2835: checking whether build environment is sane
configure:2890: result: yes
configure:3041: checking for a thread-safe mkdir -p
configure:3080: result: /usr/bin/mkdir -p
configure:3087: checking for gawk
configure:3103: found /usr/bin/gawk
configure:3114: result: gawk
configure:3125: checking whether make sets $(MAKE)
configure:3147: result: yes
configure:3176: checking whether make supports nested variables
configure:3193: result: yes
configure:3320: checking whether to enable maintainer-specific portions of Makefiles
configure:3329: result: no
configure:3406: checking for g++
configure:3422: found /usr/bin/g++
configure:3433: result: g++
configure:3460: checking for C++ compiler version
configure:3469: g++ --version >&5
g++ (GCC) 7.4.0
Copyright (C) 2017 Free Software Foundation, Inc.
This is free software; see the source for copying conditions.  There is NO
warranty; not even for MERCHANTABILITY or FITNESS FOR A PARTICULAR PURPOSE.

configure:3480: $? = 0
configure:3469: g++ -v >&5
Using built-in specs.
COLLECT_GCC=g++
COLLECT_LTO_WRAPPER=/usr/lib/gcc/x86_64-pc-cygwin/7.4.0/lto-wrapper.exe
Target: x86_64-pc-cygwin
Configured with: /cygdrive/i/szsz/tmpp/gcc/gcc-7.4.0-1.x86_64/src/gcc-7.4.0/configure --srcdir=/cygdrive/i/szsz/tmpp/gcc/gcc-7.4.0-1.x86_64/src/gcc-7.4.0 --prefix=/usr --exec-prefix=/usr --localstatedir=/var --sysconfdir=/etc --docdir=/usr/share/doc/gcc --htmldir=/usr/share/doc/gcc/html -C --build=x86_64-pc-cygwin --host=x86_64-pc-cygwin --target=x86_64-pc-cygwin --without-libiconv-prefix --without-libintl-prefix --libexecdir=/usr/lib --enable-shared --enable-shared-libgcc --enable-static --enable-version-specific-runtime-libs --enable-bootstrap --enable-__cxa_atexit --with-dwarf2 --with-tune=generic --enable-languages=ada,c,c++,fortran,lto,objc,obj-c++ --enable-graphite --enable-threads=posix --enable-libatomic --enable-libcilkrts --enable-libgomp --enable-libitm --enable-libquadmath --enable-libquadmath-support --disable-libssp --enable-libada --disable-symvers --with-gnu-ld --with-gnu-as --with-cloog-include=/usr/include/cloog-isl --without-libiconv-prefix --without-libintl-prefix --with-system-zlib --enable-linker-build-id --with-default-libstdcxx-abi=gcc4-compatible --enable-libstdcxx-filesystem-ts
Thread model: posix
gcc version 7.4.0 (GCC) 
configure:3480: $? = 0
configure:3469: g++ -V >&5
g++: error: unrecognized command line option '-V'
g++: fatal error: no input files
compilation terminated.
configure:3480: $? = 1
configure:3469: g++ -qversion >&5
g++: error: unrecognized command line option '-qversion'; did you mean '--version'?
g++: fatal error: no input files
compilation terminated.
configure:3480: $? = 1
configure:3500: checking whether the C++ compiler works
configure:3522: g++    conftest.cpp  >&5
configure:3526: $? = 0
configure:3574: result: yes
configure:3577: checking for C++ compiler default output file name
configure:3579: result: a.exe
configure:3585: checking for suffix of executables
configure:3592: g++ -o conftest.exe    conftest.cpp  >&5
configure:3596: $? = 0
configure:3618: result: .exe
configure:3640: checking whether we are cross compiling
configure:3648: g++ -o conftest.exe    conftest.cpp  >&5
configure:3652: $? = 0
configure:3659: ./conftest.exe
configure:3663: $? = 0
configure:3678: result: no
configure:3683: checking for suffix of object files
configure:3705: g++ -c   conftest.cpp >&5
configure:3709: $? = 0
configure:3730: result: o
configure:3734: checking whether we are using the GNU C++ compiler
configure:3753: g++ -c   conftest.cpp >&5
configure:3753: $? = 0
configure:3762: result: yes
configure:3771: checking whether g++ accepts -g
configure:3791: g++ -c -g  conftest.cpp >&5
configure:3791: $? = 0
configure:3832: result: yes
configure:3866: checking for style of include used by make
configure:3894: result: GNU
configure:3920: checking dependency style of g++
configure:4031: result: gcc3
configure:4094: checking for gcc
configure:4110: found /usr/bin/gcc
configure:4121: result: gcc
configure:4350: checking for C compiler version
configure:4359: gcc --version >&5
gcc (GCC) 7.4.0
Copyright (C) 2017 Free Software Foundation, Inc.
This is free software; see the source for copying conditions.  There is NO
warranty; not even for MERCHANTABILITY or FITNESS FOR A PARTICULAR PURPOSE.

configure:4370: $? = 0
configure:4359: gcc -v >&5
Using built-in specs.
COLLECT_GCC=gcc
COLLECT_LTO_WRAPPER=/usr/lib/gcc/x86_64-pc-cygwin/7.4.0/lto-wrapper.exe
Target: x86_64-pc-cygwin
Configured with: /cygdrive/i/szsz/tmpp/gcc/gcc-7.4.0-1.x86_64/src/gcc-7.4.0/configure --srcdir=/cygdrive/i/szsz/tmpp/gcc/gcc-7.4.0-1.x86_64/src/gcc-7.4.0 --prefix=/usr --exec-prefix=/usr --localstatedir=/var --sysconfdir=/etc --docdir=/usr/share/doc/gcc --htmldir=/usr/share/doc/gcc/html -C --build=x86_64-pc-cygwin --host=x86_64-pc-cygwin --target=x86_64-pc-cygwin --without-libiconv-prefix --without-libintl-prefix --libexecdir=/usr/lib --enable-shared --enable-shared-libgcc --enable-static --enable-version-specific-runtime-libs --enable-bootstrap --enable-__cxa_atexit --with-dwarf2 --with-tune=generic --enable-languages=ada,c,c++,fortran,lto,objc,obj-c++ --enable-graphite --enable-threads=posix --enable-libatomic --enable-libcilkrts --enable-libgomp --enable-libitm --enable-libquadmath --enable-libquadmath-support --disable-libssp --enable-libada --disable-symvers --with-gnu-ld --with-gnu-as --with-cloog-include=/usr/include/cloog-isl --without-libiconv-prefix --without-libintl-prefix --with-system-zlib --enable-linker-build-id --with-default-libstdcxx-abi=gcc4-compatible --enable-libstdcxx-filesystem-ts
Thread model: posix
gcc version 7.4.0 (GCC) 
configure:4370: $? = 0
configure:4359: gcc -V >&5
gcc: error: unrecognized command line option '-V'
gcc: fatal error: no input files
compilation terminated.
configure:4370: $? = 1
configure:4359: gcc -qversion >&5
gcc: error: unrecognized command line option '-qversion'; did you mean '--version'?
gcc: fatal error: no input files
compilation terminated.
configure:4370: $? = 1
configure:4374: checking whether we are using the GNU C compiler
configure:4393: gcc -c   conftest.c >&5
configure:4393: $? = 0
configure:4402: result: yes
configure:4411: checking whether gcc accepts -g
configure:4431: gcc -c -g  conftest.c >&5
configure:4431: $? = 0
configure:4472: result: yes
configure:4489: checking for gcc option to accept ISO C89
configure:4552: gcc  -c -g -O2  conftest.c >&5
configure:4552: $? = 0
configure:4565: result: none needed
configure:4590: checking whether gcc understands -c and -o together
configure:4612: gcc -c conftest.c -o conftest2.o
configure:4615: $? = 0
configure:4612: gcc -c conftest.c -o conftest2.o
configure:4615: $? = 0
configure:4627: result: yes
configure:4646: checking dependency style of gcc
configure:4757: result: gcc3
configure:4777: checking how to run the C preprocessor
configure:4808: gcc -E  conftest.c
configure:4808: $? = 0
configure:4822: gcc -E  conftest.c
conftest.c:11:10: fatal error: ac_nonexistent.h: No such file or directory
 #include <ac_nonexistent.h>
          ^~~~~~~~~~~~~~~~~~
compilation terminated.
configure:4822: $? = 1
configure: failed program was:
| /* confdefs.h */
| #define PACKAGE_NAME "lplex"
| #define PACKAGE_TARNAME "lplex"
| #define PACKAGE_VERSION "0.3"
| #define PACKAGE_STRING "lplex 0.3"
| #define PACKAGE_BUGREPORT "audioplex-lpcm@lists.sourceforge.net"
| #define PACKAGE_URL ""
| #define PACKAGE "lplex"
| #define VERSION "0.3"
| /* end confdefs.h.  */
| #include <ac_nonexistent.h>
configure:4847: result: gcc -E
configure:4867: gcc -E  conftest.c
configure:4867: $? = 0
configure:4881: gcc -E  conftest.c
conftest.c:11:10: fatal error: ac_nonexistent.h: No such file or directory
 #include <ac_nonexistent.h>
          ^~~~~~~~~~~~~~~~~~
compilation terminated.
configure:4881: $? = 1
configure: failed program was:
| /* confdefs.h */
| #define PACKAGE_NAME "lplex"
| #define PACKAGE_TARNAME "lplex"
| #define PACKAGE_VERSION "0.3"
| #define PACKAGE_STRING "lplex 0.3"
| #define PACKAGE_BUGREPORT "audioplex-lpcm@lists.sourceforge.net"
| #define PACKAGE_URL ""
| #define PACKAGE "lplex"
| #define VERSION "0.3"
| /* end confdefs.h.  */
| #include <ac_nonexistent.h>
configure:4910: checking whether ln -s works
configure:4914: result: yes
configure:4921: checking whether make sets $(MAKE)
configure:4943: result: yes
configure:4981: checking build system type
configure:4995: result: x86_64-unknown-cygwin
configure:5015: checking host system type
configure:5028: result: x86_64-unknown-cygwin
configure:5069: checking how to print strings
configure:5096: result: printf
configure:5117: checking for a sed that does not truncate output
configure:5181: result: /usr/bin/sed
configure:5199: checking for grep that handles long lines and -e
configure:5257: result: /usr/bin/grep
configure:5262: checking for egrep
configure:5324: result: /usr/bin/grep -E
configure:5329: checking for fgrep
configure:5391: result: /usr/bin/grep -F
configure:5426: checking for ld used by gcc
configure:5493: result: /usr/x86_64-pc-cygwin/bin/ld.exe
configure:5500: checking if the linker (/usr/x86_64-pc-cygwin/bin/ld.exe) is GNU ld
configure:5515: result: yes
configure:5527: checking for BSD- or MS-compatible name lister (nm)
configure:5581: result: /usr/bin/nm -B
configure:5711: checking the name lister (/usr/bin/nm -B) interface
configure:5718: gcc -c -g -O2  conftest.c >&5
configure:5721: /usr/bin/nm -B "conftest.o"
configure:5724: output
0000000000000000 b .bss
0000000000000000 d .data
0000000000000000 N .debug_abbrev
0000000000000000 N .debug_aranges
0000000000000000 N .debug_info
0000000000000000 N .debug_line
0000000000000000 r .rdata$zzz
0000000000000000 t .text
0000000000000000 B some_variable
configure:5731: result: BSD nm
configure:5735: checking the maximum length of command line arguments
configure:5866: result: 8192
configure:5914: checking how to convert x86_64-unknown-cygwin file names to x86_64-unknown-cygwin format
configure:5954: result: func_convert_file_noop
configure:5961: checking how to convert x86_64-unknown-cygwin file names to toolchain format
configure:5981: result: func_convert_file_noop
configure:5988: checking for /usr/x86_64-pc-cygwin/bin/ld.exe option to reload object files
configure:5995: result: -r
configure:6069: checking for objdump
configure:6085: found /usr/bin/objdump
configure:6096: result: objdump
configure:6128: checking how to recognize dependent libraries
configure:6328: result: file_magic ^x86 archive import|^x86 DLL
configure:6413: checking for dlltool
configure:6429: found /usr/bin/dlltool
configure:6440: result: dlltool
configure:6473: checking how to associate runtime and link libraries
configure:6500: result: func_cygming_dll_for_implib
configure:6561: checking for ar
configure:6577: found /usr/bin/ar
configure:6588: result: ar
configure:6625: checking for archiver @FILE support
configure:6642: gcc -c -g -O2  conftest.c >&5
configure:6642: $? = 0
configure:6645: ar cru libconftest.a @conftest.lst >&5
configure:6648: $? = 0
configure:6653: ar cru libconftest.a @conftest.lst >&5
ar: conftest.o: No such file or directory
configure:6656: $? = 1
configure:6668: result: @
configure:6726: checking for strip
configure:6742: found /usr/bin/strip
configure:6753: result: strip
configure:6825: checking for ranlib
configure:6841: found /usr/bin/ranlib
configure:6852: result: ranlib
configure:6954: checking command to parse /usr/bin/nm -B output from gcc object
configure:7107: gcc -c -g -O2  conftest.c >&5
configure:7110: $? = 0
configure:7114: /usr/bin/nm -B conftest.o \| sed -n -e 's/^.*[ ]\([ABCDGIRSTW][ABCDGIRSTW]*\)[ ][ ]*\([_A-Za-z][_A-Za-z0-9]*\)$/\1 \2 \2/p' | sed '/ __gnu_lto/d' \> conftest.nm
configure:7117: $? = 0
configure:7183: gcc -o conftest.exe -g -O2   conftest.c conftstm.o >&5
configure:7186: $? = 0
configure:7224: result: ok
configure:7271: checking for sysroot
configure:7301: result: no
configure:7308: checking for a working dd
configure:7346: result: /usr/bin/dd
configure:7350: checking how to truncate binary pipes
configure:7365: result: /usr/bin/dd bs=4096 count=1
configure:7694: checking for mt
configure:7724: result: no
configure:7744: checking if : is a manifest tool
configure:7750: : '-?'
configure:7758: result: no
configure:8431: checking for ANSI C header files
configure:8451: gcc -c -g -O2  conftest.c >&5
configure:8451: $? = 0
configure:8524: gcc -o conftest.exe -g -O2   conftest.c  >&5
configure:8524: $? = 0
configure:8524: ./conftest.exe
configure:8524: $? = 0
configure:8535: result: yes
configure:8548: checking for sys/types.h
configure:8548: gcc -c -g -O2  conftest.c >&5
configure:8548: $? = 0
configure:8548: result: yes
configure:8548: checking for sys/stat.h
configure:8548: gcc -c -g -O2  conftest.c >&5
configure:8548: $? = 0
configure:8548: result: yes
configure:8548: checking for stdlib.h
configure:8548: gcc -c -g -O2  conftest.c >&5
configure:8548: $? = 0
configure:8548: result: yes
configure:8548: checking for string.h
configure:8548: gcc -c -g -O2  conftest.c >&5
configure:8548: $? = 0
configure:8548: result: yes
configure:8548: checking for memory.h
configure:8548: gcc -c -g -O2  conftest.c >&5
configure:8548: $? = 0
configure:8548: result: yes
configure:8548: checking for strings.h
configure:8548: gcc -c -g -O2  conftest.c >&5
configure:8548: $? = 0
configure:8548: result: yes
configure:8548: checking for inttypes.h
configure:8548: gcc -c -g -O2  conftest.c >&5
configure:8548: $? = 0
configure:8548: result: yes
configure:8548: checking for stdint.h
configure:8548: gcc -c -g -O2  conftest.c >&5
configure:8548: $? = 0
configure:8548: result: yes
configure:8548: checking for unistd.h
configure:8548: gcc -c -g -O2  conftest.c >&5
configure:8548: $? = 0
configure:8548: result: yes
configure:8562: checking for dlfcn.h
configure:8562: gcc -c -g -O2  conftest.c >&5
configure:8562: $? = 0
configure:8562: result: yes
configure:8829: checking for objdir
configure:8844: result: .libs
configure:9108: checking if gcc supports -fno-rtti -fno-exceptions
configure:9126: gcc -c -g -O2  -fno-rtti -fno-exceptions conftest.c >&5
cc1: warning: command line option '-fno-rtti' is valid for C++/ObjC++ but not for C
configure:9130: $? = 0
configure:9143: result: no
configure:9501: checking for gcc option to produce PIC
configure:9508: result: -DDLL_EXPORT -DPIC
configure:9516: checking if gcc PIC flag -DDLL_EXPORT -DPIC works
configure:9534: gcc -c -g -O2  -DDLL_EXPORT -DPIC -DPIC conftest.c >&5
configure:9538: $? = 0
configure:9551: result: yes
configure:9580: checking if gcc static flag -static works
configure:9608: result: yes
configure:9623: checking if gcc supports -c -o file.o
configure:9644: gcc -c -g -O2  -o out/conftest2.o conftest.c >&5
configure:9648: $? = 0
configure:9670: result: yes
configure:9678: checking if gcc supports -c -o file.o
configure:9725: result: yes
configure:9758: checking whether the gcc linker (/usr/x86_64-pc-cygwin/bin/ld.exe) supports shared libraries
configure:11017: result: yes
configure:11054: checking whether -lc should be explicitly linked in
configure:11062: gcc -c -g -O2  conftest.c >&5
configure:11065: $? = 0
configure:11080: gcc -shared conftest.o  -v -o ./conftest -Wl,--enable-auto-image-base -Xlinker --out-implib -Xlinker conftest 2\>\&1 \| /usr/bin/grep  -lc  \>/dev/null 2\>\&1
configure:11083: $? = 1
configure:11097: result: yes
configure:11257: checking dynamic linker characteristics
configure:12075: result: Win32 ld.exe
configure:12197: checking how to hardcode library paths into programs
configure:12222: result: immediate
configure:12770: checking whether stripping libraries is possible
configure:12775: result: yes
configure:12810: checking if libtool supports shared libraries
configure:12812: result: yes
configure:12815: checking whether to build shared libraries
configure:12840: result: yes
configure:12843: checking whether to build static libraries
configure:12847: result: yes
configure:12870: checking how to run the C++ preprocessor
configure:12897: g++ -E  conftest.cpp
configure:12897: $? = 0
configure:12911: g++ -E  conftest.cpp
conftest.cpp:23:10: fatal error: ac_nonexistent.h: No such file or directory
 #include <ac_nonexistent.h>
          ^~~~~~~~~~~~~~~~~~
compilation terminated.
configure:12911: $? = 1
configure: failed program was:
| /* confdefs.h */
| #define PACKAGE_NAME "lplex"
| #define PACKAGE_TARNAME "lplex"
| #define PACKAGE_VERSION "0.3"
| #define PACKAGE_STRING "lplex 0.3"
| #define PACKAGE_BUGREPORT "audioplex-lpcm@lists.sourceforge.net"
| #define PACKAGE_URL ""
| #define PACKAGE "lplex"
| #define VERSION "0.3"
| #define STDC_HEADERS 1
| #define HAVE_SYS_TYPES_H 1
| #define HAVE_SYS_STAT_H 1
| #define HAVE_STDLIB_H 1
| #define HAVE_STRING_H 1
| #define HAVE_MEMORY_H 1
| #define HAVE_STRINGS_H 1
| #define HAVE_INTTYPES_H 1
| #define HAVE_STDINT_H 1
| #define HAVE_UNISTD_H 1
| #define HAVE_DLFCN_H 1
| #define LT_OBJDIR ".libs/"
| /* end confdefs.h.  */
| #include <ac_nonexistent.h>
configure:12936: result: g++ -E
configure:12956: g++ -E  conftest.cpp
configure:12956: $? = 0
configure:12970: g++ -E  conftest.cpp
conftest.cpp:23:10: fatal error: ac_nonexistent.h: No such file or directory
 #include <ac_nonexistent.h>
          ^~~~~~~~~~~~~~~~~~
compilation terminated.
configure:12970: $? = 1
configure: failed program was:
| /* confdefs.h */
| #define PACKAGE_NAME "lplex"
| #define PACKAGE_TARNAME "lplex"
| #define PACKAGE_VERSION "0.3"
| #define PACKAGE_STRING "lplex 0.3"
| #define PACKAGE_BUGREPORT "audioplex-lpcm@lists.sourceforge.net"
| #define PACKAGE_URL ""
| #define PACKAGE "lplex"
| #define VERSION "0.3"
| #define STDC_HEADERS 1
| #define HAVE_SYS_TYPES_H 1
| #define HAVE_SYS_STAT_H 1
| #define HAVE_STDLIB_H 1
| #define HAVE_STRING_H 1
| #define HAVE_MEMORY_H 1
| #define HAVE_STRINGS_H 1
| #define HAVE_INTTYPES_H 1
| #define HAVE_STDINT_H 1
| #define HAVE_UNISTD_H 1
| #define HAVE_DLFCN_H 1
| #define LT_OBJDIR ".libs/"
| /* end confdefs.h.  */
| #include <ac_nonexistent.h>
configure:13132: checking for ld used by g++
configure:13199: result: /usr/x86_64-pc-cygwin/bin/ld.exe
configure:13206: checking if the linker (/usr/x86_64-pc-cygwin/bin/ld.exe) is GNU ld
configure:13221: result: yes
configure:13276: checking whether the g++ linker (/usr/x86_64-pc-cygwin/bin/ld.exe) supports shared libraries
configure:14349: result: yes
configure:14385: g++ -c -g -O2  conftest.cpp >&5
configure:14388: $? = 0
configure:14869: checking for g++ option to produce PIC
configure:14876: result: -DDLL_EXPORT -DPIC
configure:14884: checking if g++ PIC flag -DDLL_EXPORT -DPIC works
configure:14902: g++ -c -g -O2  -DDLL_EXPORT -DPIC -DPIC conftest.cpp >&5
configure:14906: $? = 0
configure:14919: result: yes
configure:14942: checking if g++ static flag -static works
configure:14970: result: yes
configure:14982: checking if g++ supports -c -o file.o
configure:15003: g++ -c -g -O2  -o out/conftest2.o conftest.cpp >&5
configure:15007: $? = 0
configure:15029: result: yes
configure:15034: checking if g++ supports -c -o file.o
configure:15081: result: yes
configure:15111: checking whether the g++ linker (/usr/x86_64-pc-cygwin/bin/ld.exe) supports shared libraries
configure:15151: result: yes
configure:15292: checking dynamic linker characteristics
configure:16037: result: Win32 ld.exe
configure:16102: checking how to hardcode library paths into programs
configure:16127: result: immediate
configure:16199: checking fcntl.h usability
configure:16199: gcc -c -g -O2  conftest.c >&5
configure:16199: $? = 0
configure:16199: result: yes
configure:16199: checking fcntl.h presence
configure:16199: gcc -E  conftest.c
configure:16199: $? = 0
configure:16199: result: yes
configure:16199: checking for fcntl.h
configure:16199: result: yes
configure:16199: checking for stdint.h
configure:16199: result: yes
configure:16199: checking for string.h
configure:16199: result: yes
configure:16199: checking for unistd.h
configure:16199: result: yes
configure:16211: checking for stdbool.h that conforms to C99
configure:16278: gcc -c -g -O2  conftest.c >&5
configure:16278: $? = 0
configure:16285: result: yes
configure:16287: checking for _Bool
configure:16287: gcc -c -g -O2  conftest.c >&5
configure:16287: $? = 0
configure:16287: gcc -c -g -O2  conftest.c >&5
conftest.c: In function 'main':
conftest.c:63:20: error: expected expression before ')' token
 if (sizeof ((_Bool)))
                    ^
configure:16287: $? = 1
configure: failed program was:
| /* confdefs.h */
| #define PACKAGE_NAME "lplex"
| #define PACKAGE_TARNAME "lplex"
| #define PACKAGE_VERSION "0.3"
| #define PACKAGE_STRING "lplex 0.3"
| #define PACKAGE_BUGREPORT "audioplex-lpcm@lists.sourceforge.net"
| #define PACKAGE_URL ""
| #define PACKAGE "lplex"
| #define VERSION "0.3"
| #define STDC_HEADERS 1
| #define HAVE_SYS_TYPES_H 1
| #define HAVE_SYS_STAT_H 1
| #define HAVE_STDLIB_H 1
| #define HAVE_STRING_H 1
| #define HAVE_MEMORY_H 1
| #define HAVE_STRINGS_H 1
| #define HAVE_INTTYPES_H 1
| #define HAVE_STDINT_H 1
| #define HAVE_UNISTD_H 1
| #define HAVE_DLFCN_H 1
| #define LT_OBJDIR ".libs/"
| #define HAVE_FCNTL_H 1
| #define HAVE_STDINT_H 1
| #define HAVE_STRING_H 1
| #define HAVE_UNISTD_H 1
| /* end confdefs.h.  */
| #include <stdio.h>
| #ifdef HAVE_SYS_TYPES_H
| # include <sys/types.h>
| #endif
| #ifdef HAVE_SYS_STAT_H
| # include <sys/stat.h>
| #endif
| #ifdef STDC_HEADERS
| # include <stdlib.h>
| # include <stddef.h>
| #else
| # ifdef HAVE_STDLIB_H
| #  include <stdlib.h>
| # endif
| #endif
| #ifdef HAVE_STRING_H
| # if !defined STDC_HEADERS && defined HAVE_MEMORY_H
| #  include <memory.h>
| # endif
| # include <string.h>
| #endif
| #ifdef HAVE_STRINGS_H
| # include <strings.h>
| #endif
| #ifdef HAVE_INTTYPES_H
| # include <inttypes.h>
| #endif
| #ifdef HAVE_STDINT_H
| # include <stdint.h>
| #endif
| #ifdef HAVE_UNISTD_H
| # include <unistd.h>
| #endif
| int
| main ()
| {
| if (sizeof ((_Bool)))
| 	    return 0;
|   ;
|   return 0;
| }
configure:16287: result: yes
configure:16304: checking for inline
configure:16320: gcc -c -g -O2  conftest.c >&5
configure:16320: $? = 0
configure:16328: result: inline
configure:16346: checking for int16_t
configure:16346: gcc -c -g -O2  conftest.c >&5
configure:16346: $? = 0
configure:16346: gcc -c -g -O2  conftest.c >&5
conftest.c: In function 'main':
conftest.c:66:12: error: size of array 'test_array' is negative
 static int test_array [1 - 2 * !((int16_t) (((((int16_t) 1 << N) << N) - 1) * 2 + 1)
            ^~~~~~~~~~
configure:16346: $? = 1
configure: failed program was:
| /* confdefs.h */
| #define PACKAGE_NAME "lplex"
| #define PACKAGE_TARNAME "lplex"
| #define PACKAGE_VERSION "0.3"
| #define PACKAGE_STRING "lplex 0.3"
| #define PACKAGE_BUGREPORT "audioplex-lpcm@lists.sourceforge.net"
| #define PACKAGE_URL ""
| #define PACKAGE "lplex"
| #define VERSION "0.3"
| #define STDC_HEADERS 1
| #define HAVE_SYS_TYPES_H 1
| #define HAVE_SYS_STAT_H 1
| #define HAVE_STDLIB_H 1
| #define HAVE_STRING_H 1
| #define HAVE_MEMORY_H 1
| #define HAVE_STRINGS_H 1
| #define HAVE_INTTYPES_H 1
| #define HAVE_STDINT_H 1
| #define HAVE_UNISTD_H 1
| #define HAVE_DLFCN_H 1
| #define LT_OBJDIR ".libs/"
| #define HAVE_FCNTL_H 1
| #define HAVE_STDINT_H 1
| #define HAVE_STRING_H 1
| #define HAVE_UNISTD_H 1
| #define HAVE__BOOL 1
| #define HAVE_STDBOOL_H 1
| /* end confdefs.h.  */
| #include <stdio.h>
| #ifdef HAVE_SYS_TYPES_H
| # include <sys/types.h>
| #endif
| #ifdef HAVE_SYS_STAT_H
| # include <sys/stat.h>
| #endif
| #ifdef STDC_HEADERS
| # include <stdlib.h>
| # include <stddef.h>
| #else
| # ifdef HAVE_STDLIB_H
| #  include <stdlib.h>
| # endif
| #endif
| #ifdef HAVE_STRING_H
| # if !defined STDC_HEADERS && defined HAVE_MEMORY_H
| #  include <memory.h>
| # endif
| # include <string.h>
| #endif
| #ifdef HAVE_STRINGS_H
| # include <strings.h>
| #endif
| #ifdef HAVE_INTTYPES_H
| # include <inttypes.h>
| #endif
| #ifdef HAVE_STDINT_H
| # include <stdint.h>
| #endif
| #ifdef HAVE_UNISTD_H
| # include <unistd.h>
| #endif
| 	        enum { N = 16 / 2 - 1 };
| int
| main ()
| {
| static int test_array [1 - 2 * !((int16_t) (((((int16_t) 1 << N) << N) - 1) * 2 + 1)
| 		 < (int16_t) (((((int16_t) 1 << N) << N) - 1) * 2 + 2))];
| test_array [0] = 0;
| return test_array [0];
| 
|   ;
|   return 0;
| }
configure:16346: result: yes
configure:16357: checking for int32_t
configure:16357: gcc -c -g -O2  conftest.c >&5
configure:16357: $? = 0
configure:16357: gcc -c -g -O2  conftest.c >&5
conftest.c: In function 'main':
conftest.c:67:53: warning: integer overflow in expression [-Woverflow]
    < (int32_t) (((((int32_t) 1 << N) << N) - 1) * 2 + 2))];
                                                     ^
conftest.c:66:12: error: storage size of 'test_array' isn't constant
 static int test_array [1 - 2 * !((int32_t) (((((int32_t) 1 << N) << N) - 1) * 2 + 1)
            ^~~~~~~~~~
configure:16357: $? = 1
configure: failed program was:
| /* confdefs.h */
| #define PACKAGE_NAME "lplex"
| #define PACKAGE_TARNAME "lplex"
| #define PACKAGE_VERSION "0.3"
| #define PACKAGE_STRING "lplex 0.3"
| #define PACKAGE_BUGREPORT "audioplex-lpcm@lists.sourceforge.net"
| #define PACKAGE_URL ""
| #define PACKAGE "lplex"
| #define VERSION "0.3"
| #define STDC_HEADERS 1
| #define HAVE_SYS_TYPES_H 1
| #define HAVE_SYS_STAT_H 1
| #define HAVE_STDLIB_H 1
| #define HAVE_STRING_H 1
| #define HAVE_MEMORY_H 1
| #define HAVE_STRINGS_H 1
| #define HAVE_INTTYPES_H 1
| #define HAVE_STDINT_H 1
| #define HAVE_UNISTD_H 1
| #define HAVE_DLFCN_H 1
| #define LT_OBJDIR ".libs/"
| #define HAVE_FCNTL_H 1
| #define HAVE_STDINT_H 1
| #define HAVE_STRING_H 1
| #define HAVE_UNISTD_H 1
| #define HAVE__BOOL 1
| #define HAVE_STDBOOL_H 1
| /* end confdefs.h.  */
| #include <stdio.h>
| #ifdef HAVE_SYS_TYPES_H
| # include <sys/types.h>
| #endif
| #ifdef HAVE_SYS_STAT_H
| # include <sys/stat.h>
| #endif
| #ifdef STDC_HEADERS
| # include <stdlib.h>
| # include <stddef.h>
| #else
| # ifdef HAVE_STDLIB_H
| #  include <stdlib.h>
| # endif
| #endif
| #ifdef HAVE_STRING_H
| # if !defined STDC_HEADERS && defined HAVE_MEMORY_H
| #  include <memory.h>
| # endif
| # include <string.h>
| #endif
| #ifdef HAVE_STRINGS_H
| # include <strings.h>
| #endif
| #ifdef HAVE_INTTYPES_H
| # include <inttypes.h>
| #endif
| #ifdef HAVE_STDINT_H
| # include <stdint.h>
| #endif
| #ifdef HAVE_UNISTD_H
| # include <unistd.h>
| #endif
| 	        enum { N = 32 / 2 - 1 };
| int
| main ()
| {
| static int test_array [1 - 2 * !((int32_t) (((((int32_t) 1 << N) << N) - 1) * 2 + 1)
| 		 < (int32_t) (((((int32_t) 1 << N) << N) - 1) * 2 + 2))];
| test_array [0] = 0;
| return test_array [0];
| 
|   ;
|   return 0;
| }
configure:16357: result: yes
configure:16368: checking for off_t
configure:16368: gcc -c -g -O2  conftest.c >&5
configure:16368: $? = 0
configure:16368: gcc -c -g -O2  conftest.c >&5
conftest.c: In function 'main':
conftest.c:65:20: error: expected expression before ')' token
 if (sizeof ((off_t)))
                    ^
configure:16368: $? = 1
configure: failed program was:
| /* confdefs.h */
| #define PACKAGE_NAME "lplex"
| #define PACKAGE_TARNAME "lplex"
| #define PACKAGE_VERSION "0.3"
| #define PACKAGE_STRING "lplex 0.3"
| #define PACKAGE_BUGREPORT "audioplex-lpcm@lists.sourceforge.net"
| #define PACKAGE_URL ""
| #define PACKAGE "lplex"
| #define VERSION "0.3"
| #define STDC_HEADERS 1
| #define HAVE_SYS_TYPES_H 1
| #define HAVE_SYS_STAT_H 1
| #define HAVE_STDLIB_H 1
| #define HAVE_STRING_H 1
| #define HAVE_MEMORY_H 1
| #define HAVE_STRINGS_H 1
| #define HAVE_INTTYPES_H 1
| #define HAVE_STDINT_H 1
| #define HAVE_UNISTD_H 1
| #define HAVE_DLFCN_H 1
| #define LT_OBJDIR ".libs/"
| #define HAVE_FCNTL_H 1
| #define HAVE_STDINT_H 1
| #define HAVE_STRING_H 1
| #define HAVE_UNISTD_H 1
| #define HAVE__BOOL 1
| #define HAVE_STDBOOL_H 1
| /* end confdefs.h.  */
| #include <stdio.h>
| #ifdef HAVE_SYS_TYPES_H
| # include <sys/types.h>
| #endif
| #ifdef HAVE_SYS_STAT_H
| # include <sys/stat.h>
| #endif
| #ifdef STDC_HEADERS
| # include <stdlib.h>
| # include <stddef.h>
| #else
| # ifdef HAVE_STDLIB_H
| #  include <stdlib.h>
| # endif
| #endif
| #ifdef HAVE_STRING_H
| # if !defined STDC_HEADERS && defined HAVE_MEMORY_H
| #  include <memory.h>
| # endif
| # include <string.h>
| #endif
| #ifdef HAVE_STRINGS_H
| # include <strings.h>
| #endif
| #ifdef HAVE_INTTYPES_H
| # include <inttypes.h>
| #endif
| #ifdef HAVE_STDINT_H
| # include <stdint.h>
| #endif
| #ifdef HAVE_UNISTD_H
| # include <unistd.h>
| #endif
| int
| main ()
| {
| if (sizeof ((off_t)))
| 	    return 0;
|   ;
|   return 0;
| }
configure:16368: result: yes
configure:16379: checking for size_t
configure:16379: gcc -c -g -O2  conftest.c >&5
configure:16379: $? = 0
configure:16379: gcc -c -g -O2  conftest.c >&5
conftest.c: In function 'main':
conftest.c:65:21: error: expected expression before ')' token
 if (sizeof ((size_t)))
                     ^
configure:16379: $? = 1
configure: failed program was:
| /* confdefs.h */
| #define PACKAGE_NAME "lplex"
| #define PACKAGE_TARNAME "lplex"
| #define PACKAGE_VERSION "0.3"
| #define PACKAGE_STRING "lplex 0.3"
| #define PACKAGE_BUGREPORT "audioplex-lpcm@lists.sourceforge.net"
| #define PACKAGE_URL ""
| #define PACKAGE "lplex"
| #define VERSION "0.3"
| #define STDC_HEADERS 1
| #define HAVE_SYS_TYPES_H 1
| #define HAVE_SYS_STAT_H 1
| #define HAVE_STDLIB_H 1
| #define HAVE_STRING_H 1
| #define HAVE_MEMORY_H 1
| #define HAVE_STRINGS_H 1
| #define HAVE_INTTYPES_H 1
| #define HAVE_STDINT_H 1
| #define HAVE_UNISTD_H 1
| #define HAVE_DLFCN_H 1
| #define LT_OBJDIR ".libs/"
| #define HAVE_FCNTL_H 1
| #define HAVE_STDINT_H 1
| #define HAVE_STRING_H 1
| #define HAVE_UNISTD_H 1
| #define HAVE__BOOL 1
| #define HAVE_STDBOOL_H 1
| /* end confdefs.h.  */
| #include <stdio.h>
| #ifdef HAVE_SYS_TYPES_H
| # include <sys/types.h>
| #endif
| #ifdef HAVE_SYS_STAT_H
| # include <sys/stat.h>
| #endif
| #ifdef STDC_HEADERS
| # include <stdlib.h>
| # include <stddef.h>
| #else
| # ifdef HAVE_STDLIB_H
| #  include <stdlib.h>
| # endif
| #endif
| #ifdef HAVE_STRING_H
| # if !defined STDC_HEADERS && defined HAVE_MEMORY_H
| #  include <memory.h>
| # endif
| # include <string.h>
| #endif
| #ifdef HAVE_STRINGS_H
| # include <strings.h>
| #endif
| #ifdef HAVE_INTTYPES_H
| # include <inttypes.h>
| #endif
| #ifdef HAVE_STDINT_H
| # include <stdint.h>
| #endif
| #ifdef HAVE_UNISTD_H
| # include <unistd.h>
| #endif
| int
| main ()
| {
| if (sizeof ((size_t)))
| 	    return 0;
|   ;
|   return 0;
| }
configure:16379: result: yes
configure:16390: checking for uint16_t
configure:16390: gcc -c -g -O2  conftest.c >&5
configure:16390: $? = 0
configure:16390: result: yes
configure:16402: checking for uint32_t
configure:16402: gcc -c -g -O2  conftest.c >&5
configure:16402: $? = 0
configure:16402: result: yes
configure:16416: checking for uint64_t
configure:16416: gcc -c -g -O2  conftest.c >&5
configure:16416: $? = 0
configure:16416: result: yes
configure:16430: checking for uint8_t
configure:16430: gcc -c -g -O2  conftest.c >&5
configure:16430: $? = 0
configure:16430: result: yes
configure:16449: checking for atexit
configure:16449: gcc -o conftest.exe -g -O2   conftest.c  >&5
configure:16449: $? = 0
configure:16449: result: yes
configure:16449: checking for memset
configure:16449: gcc -o conftest.exe -g -O2   conftest.c  >&5
conftest.c:53:6: warning: conflicting types for built-in function 'memset' [-Wbuiltin-declaration-mismatch]
 char memset ();
      ^~~~~~
configure:16449: $? = 0
configure:16449: result: yes
configure:16449: checking for putenv
configure:16449: gcc -o conftest.exe -g -O2   conftest.c  >&5
configure:16449: $? = 0
configure:16449: result: yes
configure:16449: checking for strrchr
configure:16449: gcc -o conftest.exe -g -O2   conftest.c  >&5
conftest.c:55:6: warning: conflicting types for built-in function 'strrchr' [-Wbuiltin-declaration-mismatch]
 char strrchr ();
      ^~~~~~~
configure:16449: $? = 0
configure:16449: result: yes
configure:16449: checking for strstr
configure:16449: gcc -o conftest.exe -g -O2   conftest.c  >&5
conftest.c:56:6: warning: conflicting types for built-in function 'strstr' [-Wbuiltin-declaration-mismatch]
 char strstr ();
      ^~~~~~
configure:16449: $? = 0
configure:16449: result: yes
configure:16543: checking for windres
configure:16559: found /usr/bin/windres
configure:16570: result: windres
configure:16682: checking for dlopen in -ldl
configure:16707: gcc -o conftest.exe -g -O2   conftest.c -ldl   >&5
configure:16707: $? = 0
configure:16716: result: yes
configure:16735: checking dvdread/dvd_reader.h usability
configure:16735: gcc -c -g -O2  conftest.c >&5
configure:16735: $? = 0
configure:16735: result: yes
configure:16735: checking dvdread/dvd_reader.h presence
configure:16735: gcc -E  conftest.c
configure:16735: $? = 0
configure:16735: result: yes
configure:16735: checking for dvdread/dvd_reader.h
configure:16735: result: yes
configure:16744: checking for ifoOpen in -ldvdread
configure:16770: gcc -o conftest.exe -g -O2   conftest.c -ldvdread -ldl
  >&5
configure:16770: $? = 0
configure:16779: result: yes
configure:16792: checking for udflist in -ldvdread
configure:16818: gcc -o conftest.exe -g -O2   conftest.c -ldvdread -ldl
 -ldvdread  >&5
/tmp/ccI1vgYO.o: In function `main':
/cygdrive/c/Users/Public/Dev/lplex/conftest.c:46: undefined reference to `udflist'
/cygdrive/c/Users/Public/Dev/lplex/conftest.c:46:(.text.startup+0xa): relocation truncated to fit: R_X86_64_PC32 against undefined symbol `udflist'
collect2: error: ld returned 1 exit status
configure:16818: $? = 1
configure: failed program was:
| /* confdefs.h */
| #define PACKAGE_NAME "lplex"
| #define PACKAGE_TARNAME "lplex"
| #define PACKAGE_VERSION "0.3"
| #define PACKAGE_STRING "lplex 0.3"
| #define PACKAGE_BUGREPORT "audioplex-lpcm@lists.sourceforge.net"
| #define PACKAGE_URL ""
| #define PACKAGE "lplex"
| #define VERSION "0.3"
| #define STDC_HEADERS 1
| #define HAVE_SYS_TYPES_H 1
| #define HAVE_SYS_STAT_H 1
| #define HAVE_STDLIB_H 1
| #define HAVE_STRING_H 1
| #define HAVE_MEMORY_H 1
| #define HAVE_STRINGS_H 1
| #define HAVE_INTTYPES_H 1
| #define HAVE_STDINT_H 1
| #define HAVE_UNISTD_H 1
| #define HAVE_DLFCN_H 1
| #define LT_OBJDIR ".libs/"
| #define HAVE_FCNTL_H 1
| #define HAVE_STDINT_H 1
| #define HAVE_STRING_H 1
| #define HAVE_UNISTD_H 1
| #define HAVE__BOOL 1
| #define HAVE_STDBOOL_H 1
| #define HAVE_ATEXIT 1
| #define HAVE_MEMSET 1
| #define HAVE_PUTENV 1
| #define HAVE_STRRCHR 1
| #define HAVE_STRSTR 1
| #define HAVE_LIBDVDREAD 1
| /* end confdefs.h.  */
| 
| /* Override any GCC internal prototype to avoid an error.
|    Use char because int might match the return type of a GCC
|    builtin and then its argument prototype would still apply.  */
| #ifdef __cplusplus
| extern "C"
| #endif
| char udflist ();
| int
| main ()
| {
| return udflist ();
|   ;
|   return 0;
| }
configure:16827: result: no
configure:16891: checking for libFLAC
configure:16925: gcc -o conftest.exe -g -O2    conftest.c -ldvdread   -lFLAC  -lm >&5
configure:16925: $? = 0
configure:16925: ./conftest.exe
configure:16925: $? = 0
configure:16941: result: yes
configure:17060: checking for libFLAC++
configure:17094: g++ -o conftest.exe -g -O2     conftest.cpp -ldvdread  -L -lFLAC++  -lFLAC  -lm >&5
configure:17094: $? = 0
configure:17094: ./conftest.exe
configure:17094: $? = 0
configure:17110: result: yes
configure:17322: checking for dvdauthor
configure:17355: result: no
configure:17389: checking for mplex
configure:17422: result: no
configure:17459: checking for jpeg2yuv
configure:17492: result: no
configure:17499: checking for mpeg2enc
configure:17532: result: no
configure:17539: checking for mkisofs
configure:17572: result: no
configure:17581: WARNING: lplex requires dvdauthor 0.6.14+ at runtime
configure:17586: WARNING: lplex requires mplex 2.2.5+ at runtime (pkg: mjpegtools 1.9.0+)
configure:17591: WARNING: lplex requires jpeg2yuv at runtime (pkg: mjpegtools)
configure:17596: WARNING: lplex requires mpeg2enc at runtime (pkg: mjpegtools)
configure:17601: WARNING: lplex requires mkisofs at runtime (pkg: cdrtools)
configure:17729: checking that generated files are newer than configure
configure:17735: result: done
configure:17778: creating ./config.status

## ---------------------- ##
## Running config.status. ##
## ---------------------- ##

This file was extended by lplex config.status 0.3, which was
generated by GNU Autoconf 2.69.  Invocation command line was

  CONFIG_FILES    = 
  CONFIG_HEADERS  = 
  CONFIG_LINKS    = 
  CONFIG_COMMANDS = 
  $ ./config.status 

on DESKTOP-VDGIPKS

config.status:1211: creating Makefile
config.status:1211: creating data/Makefile
config.status:1211: creating patch/Makefile
config.status:1211: creating redist/Makefile
config.status:1211: creating redist/md5/Makefile
config.status:1211: creating src/Makefile
config.status:1211: creating src/desktop/Makefile
config.status:1211: creating doc/Makefile
config.status:1211: creating msw/Makefile
config.status:1211: creating msw/util/Makefile
config.status:1211: creating config.h
config.status:1440: executing depfiles commands
config.status:1440: executing libtool commands

## ---------------- ##
## Cache variables. ##
## ---------------- ##

ac_cv_build=x86_64-unknown-cygwin
ac_cv_c_compiler_gnu=yes
ac_cv_c_inline=inline
ac_cv_c_int16_t=yes
ac_cv_c_int32_t=yes
ac_cv_c_uint16_t=yes
ac_cv_c_uint32_t=yes
ac_cv_c_uint64_t=yes
ac_cv_c_uint8_t=yes
ac_cv_cxx_compiler_gnu=yes
ac_cv_env_CCC_set=
ac_cv_env_CCC_value=
ac_cv_env_CC_set=
ac_cv_env_CC_value=
ac_cv_env_CFLAGS_set=
ac_cv_env_CFLAGS_value=
ac_cv_env_CPPFLAGS_set=
ac_cv_env_CPPFLAGS_value=
ac_cv_env_CPP_set=
ac_cv_env_CPP_value=
ac_cv_env_CXXCPP_set=
ac_cv_env_CXXCPP_value=
ac_cv_env_CXXFLAGS_set=
ac_cv_env_CXXFLAGS_value=
ac_cv_env_CXX_set=
ac_cv_env_CXX_value=
ac_cv_env_LDFLAGS_set=
ac_cv_env_LDFLAGS_value=
ac_cv_env_LIBS_set=
ac_cv_env_LIBS_value=
ac_cv_env_LT_SYS_LIBRARY_PATH_set=
ac_cv_env_LT_SYS_LIBRARY_PATH_value=
ac_cv_env_build_alias_set=
ac_cv_env_build_alias_value=
ac_cv_env_host_alias_set=
ac_cv_env_host_alias_value=
ac_cv_env_target_alias_set=
ac_cv_env_target_alias_value=
ac_cv_exeext=.exe
ac_cv_func_atexit=yes
ac_cv_func_memset=yes
ac_cv_func_putenv=yes
ac_cv_func_strrchr=yes
ac_cv_func_strstr=yes
ac_cv_header_dlfcn_h=yes
ac_cv_header_dvdread_dvd_reader_h=yes
ac_cv_header_fcntl_h=yes
ac_cv_header_inttypes_h=yes
ac_cv_header_memory_h=yes
ac_cv_header_stdbool_h=yes
ac_cv_header_stdc=yes
ac_cv_header_stdint_h=yes
ac_cv_header_stdlib_h=yes
ac_cv_header_string_h=yes
ac_cv_header_strings_h=yes
ac_cv_header_sys_stat_h=yes
ac_cv_header_sys_types_h=yes
ac_cv_header_unistd_h=yes
ac_cv_host=x86_64-unknown-cygwin
ac_cv_lib_dl_dlopen=yes
ac_cv_lib_dvdread_ifoOpen=yes
ac_cv_lib_dvdread_udflist=no
ac_cv_objext=o
ac_cv_path_EGREP='/usr/bin/grep -E'
ac_cv_path_FGREP='/usr/bin/grep -F'
ac_cv_path_GREP=/usr/bin/grep
ac_cv_path_SED=/usr/bin/sed
ac_cv_path_install='/usr/bin/install -c'
ac_cv_path_lt_DD=/usr/bin/dd
ac_cv_path_mkdir=/usr/bin/mkdir
ac_cv_prog_AWK=gawk
ac_cv_prog_CPP='gcc -E'
ac_cv_prog_CXXCPP='g++ -E'
ac_cv_prog_ac_ct_AR=ar
ac_cv_prog_ac_ct_CC=gcc
ac_cv_prog_ac_ct_CXX=g++
ac_cv_prog_ac_ct_DLLTOOL=dlltool
ac_cv_prog_ac_ct_OBJDUMP=objdump
ac_cv_prog_ac_ct_RANLIB=ranlib
ac_cv_prog_ac_ct_STRIP=strip
ac_cv_prog_ac_ct_WINDRES=windres
ac_cv_prog_cc_c89=
ac_cv_prog_cc_g=yes
ac_cv_prog_cxx_g=yes
ac_cv_prog_make_make_set=yes
ac_cv_type__Bool=yes
ac_cv_type_off_t=yes
ac_cv_type_size_t=yes
am_cv_CC_dependencies_compiler_type=gcc3
am_cv_CXX_dependencies_compiler_type=gcc3
am_cv_make_support_nested_variables=yes
am_cv_prog_cc_c_o=yes
lt_cv_ar_at_file=@
lt_cv_archive_cmds_need_lc=yes
lt_cv_deplibs_check_method='file_magic ^x86 archive import|^x86 DLL'
lt_cv_file_magic_cmd=func_win32_libid
lt_cv_file_magic_test_file=
lt_cv_ld_reload_flag=-r
lt_cv_nm_interface='BSD nm'
lt_cv_objdir=.libs
lt_cv_path_LD=/usr/x86_64-pc-cygwin/bin/ld.exe
lt_cv_path_LDCXX=/usr/x86_64-pc-cygwin/bin/ld.exe
lt_cv_path_NM='/usr/bin/nm -B'
lt_cv_path_mainfest_tool=no
lt_cv_prog_compiler_c_o=yes
lt_cv_prog_compiler_c_o_CXX=yes
lt_cv_prog_compiler_pic='-DDLL_EXPORT -DPIC'
lt_cv_prog_compiler_pic_CXX='-DDLL_EXPORT -DPIC'
lt_cv_prog_compiler_pic_works=yes
lt_cv_prog_compiler_pic_works_CXX=yes
lt_cv_prog_compiler_rtti_exceptions=no
lt_cv_prog_compiler_static_works=yes
lt_cv_prog_compiler_static_works_CXX=yes
lt_cv_prog_gnu_ld=yes
lt_cv_prog_gnu_ldcxx=yes
lt_cv_sharedlib_from_linklib_cmd=func_cygming_dll_for_implib
lt_cv_sys_global_symbol_pipe='sed -n -e '\''s/^.*[	 ]\([ABCDGIRSTW][ABCDGIRSTW]*\)[	 ][	 ]*\([_A-Za-z][_A-Za-z0-9]*\)$/\1 \2 \2/p'\'' | sed '\''/ __gnu_lto/d'\'''
lt_cv_sys_global_symbol_to_c_name_address='sed -n -e '\''s/^: \(.*\) .*$/  {"\1", (void *) 0},/p'\'' -e '\''s/^[ABCDGIRSTW][ABCDGIRSTW]* .* \(.*\)$/  {"\1", (void *) \&\1},/p'\'''
lt_cv_sys_global_symbol_to_c_name_address_lib_prefix='sed -n -e '\''s/^: \(.*\) .*$/  {"\1", (void *) 0},/p'\'' -e '\''s/^[ABCDGIRSTW][ABCDGIRSTW]* .* \(lib.*\)$/  {"\1", (void *) \&\1},/p'\'' -e '\''s/^[ABCDGIRSTW][ABCDGIRSTW]* .* \(.*\)$/  {"lib\1", (void *) \&\1},/p'\'''
lt_cv_sys_global_symbol_to_cdecl='sed -n -e '\''s/^T .* \(.*\)$/extern int \1();/p'\'' -e '\''s/^[ABCDGIRSTW][ABCDGIRSTW]* .* \(.*\)$/extern char \1;/p'\'''
lt_cv_sys_global_symbol_to_import=
lt_cv_sys_max_cmd_len=8192
lt_cv_to_host_file_cmd=func_convert_file_noop
lt_cv_to_tool_file_cmd=func_convert_file_noop
lt_cv_truncate_bin='/usr/bin/dd bs=4096 count=1'

## ----------------- ##
## Output variables. ##
## ----------------- ##

ACLOCAL='${SHELL} /cygdrive/c/Users/Public/Dev/lplex/missing aclocal-1.15'
AMDEPBACKSLASH='\'
AMDEP_FALSE='#'
AMDEP_TRUE=''
AMTAR='$${TAR-tar}'
AM_BACKSLASH='\'
AM_DEFAULT_V='$(AM_DEFAULT_VERBOSITY)'
AM_DEFAULT_VERBOSITY='1'
AM_V='$(V)'
AR='ar'
AUTOCONF='${SHELL} /cygdrive/c/Users/Public/Dev/lplex/missing autoconf'
AUTOHEADER='${SHELL} /cygdrive/c/Users/Public/Dev/lplex/missing autoheader'
AUTOMAKE='${SHELL} /cygdrive/c/Users/Public/Dev/lplex/missing automake-1.15'
AWK='gawk'
CC='gcc'
CCDEPMODE='depmode=gcc3'
CFLAGS='-g -O2'
CPP='gcc -E'
CPPFLAGS=''
CXX='g++'
CXXCPP='g++ -E'
CXXDEPMODE='depmode=gcc3'
CXXFLAGS='-g -O2'
CYGPATH_W='cygpath -w'
DEFS='-DHAVE_CONFIG_H'
DEPDIR='.deps'
DLLTOOL='dlltool'
DSYMUTIL=''
DUMPBIN=''
DVDAUTHOR_PATH=''
ECHO_C=''
ECHO_N='-n'
ECHO_T=''
EGREP='/usr/bin/grep -E'
EXEEXT='.exe'
FGREP='/usr/bin/grep -F'
GREP='/usr/bin/grep'
HAVE_FREEDESKTOP_FALSE=''
HAVE_FREEDESKTOP_TRUE='#'
HAVE_WINDRES_FALSE='#'
HAVE_WINDRES_TRUE=''
INSTALL_DATA='${INSTALL} -m 644'
INSTALL_PROGRAM='${INSTALL}'
INSTALL_SCRIPT='${INSTALL}'
INSTALL_STRIP_PROGRAM='$(install_sh) -c -s'
JPEG2YUV_PATH=''
LD='/usr/x86_64-pc-cygwin/bin/ld.exe'
LDFLAGS=''
LIBFLACPP_CFLAGS=' '
LIBFLACPP_LIBDIR=''
LIBFLACPP_LIBS='-lFLAC++ -lFLAC -lm -lwsock32'
LIBFLAC_CFLAGS=''
LIBFLAC_LIBDIR=''
LIBFLAC_LIBS='-lFLAC -lm'
LIBOBJS=''
LIBS='-ldvdread '
LIBTOOL='$(SHELL) $(top_builddir)/libtool'
LIPO=''
LN_S='ln -s'
LPLEX_CPPFLAGS='-mno-cygwin  -I../redist -I../../redist'
LTLIBOBJS=''
LT_SYS_LIBRARY_PATH=''
MAINT='#'
MAINTAINER_MODE_FALSE=''
MAINTAINER_MODE_TRUE='#'
MAKEINFO='${SHELL} /cygdrive/c/Users/Public/Dev/lplex/missing makeinfo'
MANIFEST_TOOL=':'
MKDIR_P='/usr/bin/mkdir -p'
MKISOFS_PATH=''
MPEG2ENC_PATH=''
MPLEX_PATH=''
MSW_RELEASE_FALSE='#'
MSW_RELEASE_TRUE=''
NM='/usr/bin/nm -B'
NMEDIT=''
OBJDUMP='objdump'
OBJEXT='o'
OTOOL64=''
OTOOL=''
PACKAGE='lplex'
PACKAGE_BUGREPORT='audioplex-lpcm@lists.sourceforge.net'
PACKAGE_NAME='lplex'
PACKAGE_STRING='lplex 0.3'
PACKAGE_TARNAME='lplex'
PACKAGE_URL=''
PACKAGE_VERSION='0.3'
PATH_SEPARATOR=':'
RANLIB='ranlib'
SCRIPT_PATH=''
SED='/usr/bin/sed'
SET_MAKE=''
SHELL='/bin/sh'
STRIP='strip'
VERSION='0.3'
WINDRES='windres'
XDGUTILS=''
ac_ct_AR='ar'
ac_ct_CC='gcc'
ac_ct_CXX='g++'
ac_ct_DUMPBIN=''
am__EXEEXT_FALSE='#'
am__EXEEXT_TRUE=''
am__fastdepCC_FALSE='#'
am__fastdepCC_TRUE=''
am__fastdepCXX_FALSE='#'
am__fastdepCXX_TRUE=''
am__include='include'
am__isrc=''
am__leading_dot='.'
am__nodep='_no'
am__quote=''
am__tar='$${TAR-tar} chof - "$$tardir"'
am__untar='$${TAR-tar} xf -'
bindir='${exec_prefix}/bin'
build='x86_64-unknown-cygwin'
build_alias=''
build_cpu='x86_64'
build_os='cygwin'
build_vendor='unknown'
datadir='${datarootdir}'
datarootdir='${prefix}/share'
docdir='${datarootdir}/doc/${PACKAGE_TARNAME}'
dvidir='${docdir}'
exec_prefix='${prefix}'
host='x86_64-unknown-cygwin'
host_alias=''
host_cpu='x86_64'
host_os='cygwin'
host_vendor='unknown'
htmldir='${docdir}'
includedir='${prefix}/include'
infodir='${datarootdir}/info'
install_sh='${SHELL} /cygdrive/c/Users/Public/Dev/lplex/install-sh'
libdir='${exec_prefix}/lib'
libexecdir='${exec_prefix}/libexec'
localedir='${datarootdir}/locale'
localstatedir='${prefix}/var'
mandir='${datarootdir}/man'
mkdir_p='$(MKDIR_P)'
oldincludedir='/usr/include'
pdfdir='${docdir}'
prefix='/usr/local'
program_transform_name='s,x,x,'
psdir='${docdir}'
runstatedir='${localstatedir}/run'
sbindir='${exec_prefix}/sbin'
sharedstatedir='${prefix}/com'
sysconfdir='${prefix}/etc'
target_alias=''

## ----------- ##
## confdefs.h. ##
## ----------- ##

/* confdefs.h */
#define PACKAGE_NAME "lplex"
#define PACKAGE_TARNAME "lplex"
#define PACKAGE_VERSION "0.3"
#define PACKAGE_STRING "lplex 0.3"
#define PACKAGE_BUGREPORT "audioplex-lpcm@lists.sourceforge.net"
#define PACKAGE_URL ""
#define PACKAGE "lplex"
#define VERSION "0.3"
#define STDC_HEADERS 1
#define HAVE_SYS_TYPES_H 1
#define HAVE_SYS_STAT_H 1
#define HAVE_STDLIB_H 1
#define HAVE_STRING_H 1
#define HAVE_MEMORY_H 1
#define HAVE_STRINGS_H 1
#define HAVE_INTTYPES_H 1
#define HAVE_STDINT_H 1
#define HAVE_UNISTD_H 1
#define HAVE_DLFCN_H 1
#define LT_OBJDIR ".libs/"
#define HAVE_FCNTL_H 1
#define HAVE_STDINT_H 1
#define HAVE_STRING_H 1
#define HAVE_UNISTD_H 1
#define HAVE__BOOL 1
#define HAVE_STDBOOL_H 1
#define HAVE_ATEXIT 1
#define HAVE_MEMSET 1
#define HAVE_PUTENV 1
#define HAVE_STRRCHR 1
#define HAVE_STRSTR 1
#define HAVE_LIBDVDREAD 1

configure: exit 0
