STAT: Checking custom screen jpegs...
    : /home/fab/Dev/dvda-author/lplex-0.3/data/black_NTSC_704x480.jpg
    :    720x480
lplex version 0.3.1-rc2-x64 (GNU GPL License)
build: x86_64-pc-linux-gnu 
     : flac 1.3.2  dvdread 50300
feedback: <audioplex-lpcm@lists.sourceforge.net>

STAT: Scanning '/home/fab/Dev/dvda-author/Docs/ex/a2_16_48.wav'.
    : /home/fab/Dev/dvda-author/Docs/ex/a2_16_48.wav
    :    16 bit 48 khz 2 ch

-------------------------------------------------------------------------------
INFO: Commandline: "-P" "no" "--video=ntsc" "--create=dvd" "--jpeg" "/home/fab/Dev/dvda-author/lplex-0.3/data/black_NTSC_704x480.jpg" "--dir" "/home/fab/out" "-p" "/home/fab/Dev/dvda-author/Docs/out4" "ts" "/home/fab/Dev/dvda-author/Docs/ex/a2_16_48.wav" 
-------------------------------------------------------------------------------


INFO: Creating DVD : [ NTSC md5aware infofiles seamless backward ]

INFO: Title 1 - (16 bit 48 khz 2 ch / 720x480  4:3)
    : t:  original : realigned : offset :  pad   : loss :  gap   :     frames     :  timestamp  :jpg: file
    : .:...........:...........:........:........:......:..pts...:....A...:...V...:.............:.#.:.........
    : [col 1] -trim units: s(AVseam)=320320 d,e(audioFrame)=320 n(sampleSeam)=8 bytes.

    : Legend:
    : [col 1] -trim types: (s)eamless (d)iscrete (e)ndOfSequence (p)added (n)one.

INFO: Screen Jpeg
    :  0 (NTSC 720x480  4:3) : /home/fab/Dev/dvda-author/lplex-0.3/data/black_NTSC_704x480.jpg


INFO: Layout is roughly 2 MB (DVD+R/RW is 0% full).
INFO: Processing a2_16_48.wav
INFO: 16 bit 48 khz 2 ch : formatting audio...
INFO: Using '"black_NTSC_704x480.jpg"' to create NTSC video stream 
STAT: Running command : "/usr/bin/jpeg2yuv" -v 1 -I p -f 29.97 -n 48 -j "/home/fab/Dev/dvda-author/lplex-0.3/data/black_NTSC_704x480.jpg" | "/usr/bin/mpeg2enc" -v 1 -b 3800 -f 8 -r 0 -n n -a 2 -G 18 -g 18 -o "/home/fab/temp/out/mini.m2v"
